Determining if the pthread_create exist failed with the following output:
Change Dir: /home/vinstarry/CLionProjects/multi_client_linux/cmake-build-debug/CMakeFiles/CMakeTmp

Run Build Command:"/usr/bin/make" "cmTC_a7385/fast"
make[1]: Entering directory '/home/vinstarry/CLionProjects/multi_client_linux/cmake-build-debug/CMakeFiles/CMakeTmp'
/usr/bin/make -f CMakeFiles/cmTC_a7385.dir/build.make CMakeFiles/cmTC_a7385.dir/build
make[2]: Entering directory '/home/vinstarry/CLionProjects/multi_client_linux/cmake-build-debug/CMakeFiles/CMakeTmp'
Building C object CMakeFiles/cmTC_a7385.dir/CheckSymbolExists.c.o
/usr/bin/cc    -o CMakeFiles/cmTC_a7385.dir/CheckSymbolExists.c.o   -c /home/vinstarry/CLionProjects/multi_client_linux/cmake-build-debug/CMakeFiles/CMakeTmp/CheckSymbolExists.c
Linking C executable cmTC_a7385
/home/vinstarry/Downloads/clion-2018.2.6/bin/cmake/linux/bin/cmake -E cmake_link_script CMakeFiles/cmTC_a7385.dir/link.txt --verbose=1
/usr/bin/cc      CMakeFiles/cmTC_a7385.dir/CheckSymbolExists.c.o  -o cmTC_a7385 
CMakeFiles/cmTC_a7385.dir/CheckSymbolExists.c.o: In function `main':
CheckSymbolExists.c:(.text+0x1b): undefined reference to `pthread_create'
collect2: error: ld returned 1 exit status
CMakeFiles/cmTC_a7385.dir/build.make:86: recipe for target 'cmTC_a7385' failed
make[2]: *** [cmTC_a7385] Error 1
make[2]: Leaving directory '/home/vinstarry/CLionProjects/multi_client_linux/cmake-build-debug/CMakeFiles/CMakeTmp'
Makefile:121: recipe for target 'cmTC_a7385/fast' failed
make[1]: *** [cmTC_a7385/fast] Error 2
make[1]: Leaving directory '/home/vinstarry/CLionProjects/multi_client_linux/cmake-build-debug/CMakeFiles/CMakeTmp'

File /home/vinstarry/CLionProjects/multi_client_linux/cmake-build-debug/CMakeFiles/CMakeTmp/CheckSymbolExists.c:
/* */
#include <pthread.h>

int main(int argc, char** argv)
{
  (void)argv;
#ifndef pthread_create
  return ((int*)(&pthread_create))[argc];
#else
  (void)argc;
  return 0;
#endif
}

Determining if the function pthread_create exists in the pthreads failed with the following output:
Change Dir: /home/vinstarry/CLionProjects/multi_client_linux/cmake-build-debug/CMakeFiles/CMakeTmp

Run Build Command:"/usr/bin/make" "cmTC_12e4d/fast"
make[1]: Entering directory '/home/vinstarry/CLionProjects/multi_client_linux/cmake-build-debug/CMakeFiles/CMakeTmp'
/usr/bin/make -f CMakeFiles/cmTC_12e4d.dir/build.make CMakeFiles/cmTC_12e4d.dir/build
make[2]: Entering directory '/home/vinstarry/CLionProjects/multi_client_linux/cmake-build-debug/CMakeFiles/CMakeTmp'
Building C object CMakeFiles/cmTC_12e4d.dir/CheckFunctionExists.c.o
/usr/bin/cc   -DCHECK_FUNCTION_EXISTS=pthread_create   -o CMakeFiles/cmTC_12e4d.dir/CheckFunctionExists.c.o   -c /home/vinstarry/Downloads/clion-2018.2.6/bin/cmake/linux/share/cmake-3.12/Modules/CheckFunctionExists.c
Linking C executable cmTC_12e4d
/home/vinstarry/Downloads/clion-2018.2.6/bin/cmake/linux/bin/cmake -E cmake_link_script CMakeFiles/cmTC_12e4d.dir/link.txt --verbose=1
/usr/bin/cc  -DCHECK_FUNCTION_EXISTS=pthread_create    CMakeFiles/cmTC_12e4d.dir/CheckFunctionExists.c.o  -o cmTC_12e4d -lpthreads 
/usr/bin/ld: cannot find -lpthreads
collect2: error: ld returned 1 exit status
CMakeFiles/cmTC_12e4d.dir/build.make:86: recipe for target 'cmTC_12e4d' failed
make[2]: *** [cmTC_12e4d] Error 1
make[2]: Leaving directory '/home/vinstarry/CLionProjects/multi_client_linux/cmake-build-debug/CMakeFiles/CMakeTmp'
Makefile:121: recipe for target 'cmTC_12e4d/fast' failed
make[1]: *** [cmTC_12e4d/fast] Error 2
make[1]: Leaving directory '/home/vinstarry/CLionProjects/multi_client_linux/cmake-build-debug/CMakeFiles/CMakeTmp'


